[2022-03-01 18:20:40Z INFO HostContext] No proxy settings were found based on environmental variables (http_proxy/https_proxy/HTTP_PROXY/HTTPS_PROXY)
[2022-03-01 18:20:40Z INFO HostContext] Well known directory 'Bin': 'C:\Users\ben94\OneDrive\Github\ngx-toggle\actions-runner\bin'
[2022-03-01 18:20:40Z INFO HostContext] Well known directory 'Root': 'C:\Users\ben94\OneDrive\Github\ngx-toggle\actions-runner'
[2022-03-01 18:20:40Z INFO HostContext] Well known config file 'Credentials': 'C:\Users\ben94\OneDrive\Github\ngx-toggle\actions-runner\.credentials'
[2022-03-01 18:20:40Z INFO HostContext] Well known directory 'Bin': 'C:\Users\ben94\OneDrive\Github\ngx-toggle\actions-runner\bin'
[2022-03-01 18:20:40Z INFO HostContext] Well known directory 'Root': 'C:\Users\ben94\OneDrive\Github\ngx-toggle\actions-runner'
[2022-03-01 18:20:40Z INFO HostContext] Well known config file 'Runner': 'C:\Users\ben94\OneDrive\Github\ngx-toggle\actions-runner\.runner'
[2022-03-01 18:20:40Z INFO Listener] Runner is built for Windows (X64) - win-x64.
[2022-03-01 18:20:40Z INFO Listener] RuntimeInformation: Microsoft Windows 10.0.19044.
[2022-03-01 18:20:40Z INFO Listener] Version: 2.287.1
[2022-03-01 18:20:40Z INFO Listener] Commit: b4e17c4fee3674494ffe88c5e06e42acb6788a37
[2022-03-01 18:20:40Z INFO Listener] Culture: fr-FR
[2022-03-01 18:20:40Z INFO Listener] UI Culture: fr-FR
[2022-03-01 18:20:40Z INFO HostContext] Well known directory 'Bin': 'C:\Users\ben94\OneDrive\Github\ngx-toggle\actions-runner\bin'
[2022-03-01 18:20:40Z INFO HostContext] Well known directory 'Root': 'C:\Users\ben94\OneDrive\Github\ngx-toggle\actions-runner'
[2022-03-01 18:20:40Z INFO Listener] Validating directory permissions for: 'C:\Users\ben94\OneDrive\Github\ngx-toggle\actions-runner'
[2022-03-01 18:20:40Z INFO CommandLineParser] Parse
[2022-03-01 18:20:40Z INFO CommandLineParser] Parsing 1 args
[2022-03-01 18:20:40Z INFO CommandLineParser] parsing argument
[2022-03-01 18:20:40Z INFO CommandLineParser] HasArgs: False
[2022-03-01 18:20:40Z INFO CommandLineParser] Adding Command: run
[2022-03-01 18:20:40Z INFO Listener] Arguments parsed
[2022-03-01 18:20:40Z INFO Runner] ExecuteCommand
[2022-03-01 18:20:40Z INFO ConfigurationStore] currentAssemblyLocation: C:\Users\ben94\OneDrive\Github\ngx-toggle\actions-runner\bin\Runner.Listener.dll
[2022-03-01 18:20:40Z INFO HostContext] Well known directory 'Bin': 'C:\Users\ben94\OneDrive\Github\ngx-toggle\actions-runner\bin'
[2022-03-01 18:20:40Z INFO ConfigurationStore] binPath: C:\Users\ben94\OneDrive\Github\ngx-toggle\actions-runner\bin
[2022-03-01 18:20:40Z INFO HostContext] Well known directory 'Bin': 'C:\Users\ben94\OneDrive\Github\ngx-toggle\actions-runner\bin'
[2022-03-01 18:20:40Z INFO HostContext] Well known directory 'Root': 'C:\Users\ben94\OneDrive\Github\ngx-toggle\actions-runner'
[2022-03-01 18:20:40Z INFO ConfigurationStore] RootFolder: C:\Users\ben94\OneDrive\Github\ngx-toggle\actions-runner
[2022-03-01 18:20:40Z INFO HostContext] Well known directory 'Bin': 'C:\Users\ben94\OneDrive\Github\ngx-toggle\actions-runner\bin'
[2022-03-01 18:20:40Z INFO HostContext] Well known directory 'Root': 'C:\Users\ben94\OneDrive\Github\ngx-toggle\actions-runner'
[2022-03-01 18:20:40Z INFO HostContext] Well known config file 'Runner': 'C:\Users\ben94\OneDrive\Github\ngx-toggle\actions-runner\.runner'
[2022-03-01 18:20:40Z INFO ConfigurationStore] ConfigFilePath: C:\Users\ben94\OneDrive\Github\ngx-toggle\actions-runner\.runner
[2022-03-01 18:20:40Z INFO HostContext] Well known directory 'Bin': 'C:\Users\ben94\OneDrive\Github\ngx-toggle\actions-runner\bin'
[2022-03-01 18:20:40Z INFO HostContext] Well known directory 'Root': 'C:\Users\ben94\OneDrive\Github\ngx-toggle\actions-runner'
[2022-03-01 18:20:40Z INFO HostContext] Well known config file 'Credentials': 'C:\Users\ben94\OneDrive\Github\ngx-toggle\actions-runner\.credentials'
[2022-03-01 18:20:40Z INFO ConfigurationStore] CredFilePath: C:\Users\ben94\OneDrive\Github\ngx-toggle\actions-runner\.credentials
[2022-03-01 18:20:40Z INFO HostContext] Well known directory 'Bin': 'C:\Users\ben94\OneDrive\Github\ngx-toggle\actions-runner\bin'
[2022-03-01 18:20:40Z INFO HostContext] Well known directory 'Root': 'C:\Users\ben94\OneDrive\Github\ngx-toggle\actions-runner'
[2022-03-01 18:20:40Z INFO HostContext] Well known config file 'MigratedCredentials': 'C:\Users\ben94\OneDrive\Github\ngx-toggle\actions-runner\.credentials_migrated'
[2022-03-01 18:20:40Z INFO ConfigurationStore] MigratedCredFilePath: C:\Users\ben94\OneDrive\Github\ngx-toggle\actions-runner\.credentials_migrated
[2022-03-01 18:20:40Z INFO HostContext] Well known directory 'Bin': 'C:\Users\ben94\OneDrive\Github\ngx-toggle\actions-runner\bin'
[2022-03-01 18:20:40Z INFO HostContext] Well known directory 'Root': 'C:\Users\ben94\OneDrive\Github\ngx-toggle\actions-runner'
[2022-03-01 18:20:40Z INFO HostContext] Well known config file 'Service': 'C:\Users\ben94\OneDrive\Github\ngx-toggle\actions-runner\.service'
[2022-03-01 18:20:40Z INFO ConfigurationStore] ServiceConfigFilePath: C:\Users\ben94\OneDrive\Github\ngx-toggle\actions-runner\.service
[2022-03-01 18:20:40Z INFO CommandSettings] Flag 'help': 'False'
[2022-03-01 18:20:40Z INFO CommandSettings] Flag 'version': 'False'
[2022-03-01 18:20:40Z INFO CommandSettings] Flag 'commit': 'False'
[2022-03-01 18:20:40Z INFO CommandSettings] Flag 'check': 'False'
[2022-03-01 18:20:40Z INFO CommandSettings] Command 'configure': 'False'
[2022-03-01 18:20:40Z INFO CommandSettings] Command 'remove': 'False'
[2022-03-01 18:20:40Z INFO CommandSettings] Command 'warmup': 'False'
[2022-03-01 18:20:40Z INFO ConfigurationManager] LoadSettings
[2022-03-01 18:20:40Z INFO ConfigurationStore] IsConfigured()
[2022-03-01 18:20:40Z INFO ConfigurationStore] IsConfigured: True
[2022-03-01 18:20:40Z INFO ConfigurationManager] Is configured: True
[2022-03-01 18:20:40Z INFO ConfigurationStore] Read setting file: 307 chars
[2022-03-01 18:20:40Z INFO ConfigurationManager] Settings Loaded
[2022-03-01 18:20:40Z INFO ConfigurationStore] IsServiceConfigured()
[2022-03-01 18:20:40Z INFO ConfigurationStore] IsServiceConfigured: False
[2022-03-01 18:20:40Z INFO CommandSettings] Command 'run': 'True'
[2022-03-01 18:20:40Z INFO ConfigurationStore] IsConfigured()
[2022-03-01 18:20:40Z INFO ConfigurationStore] IsConfigured: True
[2022-03-01 18:20:40Z INFO ConfigurationManager] Is configured: True
[2022-03-01 18:20:40Z INFO Runner] Could not parse the argument value '' for StartupType. Defaulting to Manual
[2022-03-01 18:20:40Z INFO Runner] Set runner startup type - Manual
[2022-03-01 18:20:40Z INFO CommandSettings] Flag 'once': 'False'
[2022-03-01 18:20:40Z INFO CommandSettings] Flag 'once': 'False'
[2022-03-01 18:20:40Z INFO Runner] RunAsync
[2022-03-01 18:20:40Z INFO ConfigurationManager] LoadSettings
[2022-03-01 18:20:40Z INFO ConfigurationStore] IsConfigured()
[2022-03-01 18:20:40Z INFO ConfigurationStore] IsConfigured: True
[2022-03-01 18:20:40Z INFO ConfigurationManager] Is configured: True
[2022-03-01 18:20:40Z INFO ConfigurationManager] Settings Loaded
[2022-03-01 18:20:40Z INFO MessageListener] {
  "AgentId": 2,
  "AgentName": "DESKTOP-4037S7I",
  "PoolId": 1,
  "PoolName": "Default",
  "ServerUrl": "https://pipelines.actions.githubusercontent.com/YpK9AdEim5r2Yqx74DmUQCBWzdZeQ8PQwjtmmIeM8H0njT2kPu",
  "GitHubUrl": "https://github.com/benmed00/benmed00.github.io",
  "WorkFolder": "_work"
}
[2022-03-01 18:20:40Z INFO MessageListener] Loading Credentials
[2022-03-01 18:20:40Z INFO ConfigurationStore] HasCredentials()
[2022-03-01 18:20:40Z INFO ConfigurationStore] stored True
[2022-03-01 18:20:40Z INFO CredentialManager] GetCredentialProvider
[2022-03-01 18:20:40Z INFO CredentialManager] Creating type OAuth
[2022-03-01 18:20:40Z INFO CredentialManager] Creating credential type: OAuth
[2022-03-01 18:20:40Z INFO HostContext] Well known directory 'Bin': 'C:\Users\ben94\OneDrive\Github\ngx-toggle\actions-runner\bin'
[2022-03-01 18:20:40Z INFO HostContext] Well known directory 'Root': 'C:\Users\ben94\OneDrive\Github\ngx-toggle\actions-runner'
[2022-03-01 18:20:40Z INFO HostContext] Well known config file 'RSACredentials': 'C:\Users\ben94\OneDrive\Github\ngx-toggle\actions-runner\.credentials_rsaparams'
[2022-03-01 18:20:40Z INFO RSAEncryptedFileKeyManager] Loading RSA key parameters from file C:\Users\ben94\OneDrive\Github\ngx-toggle\actions-runner\.credentials_rsaparams
[2022-03-01 18:20:40Z INFO MessageListener] Attempt to create session.
[2022-03-01 18:20:40Z INFO MessageListener] Connecting to the Runner Server...
[2022-03-01 18:20:40Z INFO RunnerServer] Establish connection with 100 seconds timeout.
[2022-03-01 18:20:40Z INFO GitHubActionsService] Starting operation Location.GetConnectionData
[2022-03-01 18:20:40Z INFO RunnerServer] Establish connection with 60 seconds timeout.
[2022-03-01 18:20:40Z INFO GitHubActionsService] Starting operation Location.GetConnectionData
[2022-03-01 18:20:40Z INFO RunnerServer] Establish connection with 60 seconds timeout.
[2022-03-01 18:20:40Z INFO GitHubActionsService] Starting operation Location.GetConnectionData
[2022-03-01 18:20:40Z INFO GitHubActionsService] Finished operation Location.GetConnectionData
[2022-03-01 18:20:40Z INFO GitHubActionsService] Finished operation Location.GetConnectionData
[2022-03-01 18:20:41Z INFO GitHubActionsService] Finished operation Location.GetConnectionData
[2022-03-01 18:20:41Z INFO MessageListener] VssConnection created
[2022-03-01 18:20:41Z INFO Terminal] WRITE LINE: 
[2022-03-01 18:20:41Z INFO Terminal] WRITE LINE: 
[2022-03-01 18:20:41Z WARN GitHubActionsService] Authentication failed with status code 401.
WWW-Authenticate: Bearer
Strict-Transport-Security: max-age=2592000
X-TFS-ProcessId: 7e8e7498-84be-4179-a77c-537cc86294dd
ActivityId: 55a9af37-99c3-475f-bfad-87807803c583
X-TFS-Session: 5950d947-ab68-4318-a231-9d913894534b
X-VSS-E2EID: 258babcf-68c7-4732-9dc2-571b9b4f8cbd
X-VSS-SenderDeploymentId: 6074703f-c195-632a-bd61-21691fc86fa5
X-TFS-ServiceError: The+user+%27System%3aPublicAccess%3baaaaaaaa-aaaa-aaaa-aaaa-aaaaaaaaaaaa%27+is+not+authorized+to+access+this+resource.
X-VSS-S2STargetService: 0000005A-0000-8888-8000-000000000000/visualstudio.com
X-Cache: CONFIG_NOCACHE
X-MSEdge-Ref: Ref A: D9E5E5F49A3143C1BF2EB03EF290D02E Ref B: VIEEDGE3205 Ref C: 2022-03-01T18:20:41Z
Date: Tue, 01 Mar 2022 18:20:41 GMT

[2022-03-01 18:20:41Z INFO RSAEncryptedFileKeyManager] Loading RSA key parameters from file C:\Users\ben94\OneDrive\Github\ngx-toggle\actions-runner\.credentials_rsaparams
[2022-03-01 18:20:41Z INFO RSAEncryptedFileKeyManager] Loading RSA key parameters from file C:\Users\ben94\OneDrive\Github\ngx-toggle\actions-runner\.credentials_rsaparams
[2022-03-01 18:20:41Z INFO GitHubActionsService] AAD Correlation ID for this token request: Unknown
[2022-03-01 18:20:41Z INFO MessageListener] Session created.
[2022-03-01 18:20:41Z INFO Terminal] WRITE LINE: Current runner version: '2.287.1'
[2022-03-01 18:20:41Z INFO Terminal] WRITE LINE: 2022-03-01 18:20:41Z: Listening for Jobs
[2022-03-01 18:20:41Z INFO JobDispatcher] Set runner/worker IPC timeout to 30 seconds.
[2022-03-01 18:27:38Z INFO Terminal] WRITE LINE: Exiting...
[2022-03-01 18:27:38Z INFO ConfigurationStore] IsServiceConfigured()
[2022-03-01 18:27:38Z INFO ConfigurationStore] IsServiceConfigured: False
[2022-03-01 18:27:38Z INFO HostContext] Runner will be shutdown for UserCancelled
[2022-03-01 18:27:38Z WARN GitHubActionsService] GET request to https://pipelines.actions.githubusercontent.com/YpK9AdEim5r2Yqx74DmUQCBWzdZeQ8PQwjtmmIeM8H0njT2kPu/_apis/distributedtask/pools/1/messages?sessionId=a4efd1f5-069f-47f0-93ac-12644e90c444 has been cancelled.
[2022-03-01 18:27:38Z INFO MessageListener] Get next message has been cancelled.
[2022-03-01 18:27:38Z INFO JobDispatcher] Shutting down JobDispatcher. Make sure all WorkerDispatcher has finished.
[2022-03-01 18:27:39Z INFO Listener] Runner execution been cancelled.
