[2022-03-01 18:18:55Z INFO HostContext] No proxy settings were found based on environmental variables (http_proxy/https_proxy/HTTP_PROXY/HTTPS_PROXY)
[2022-03-01 18:18:55Z INFO HostContext] Well known directory 'Bin': 'C:\Users\ben94\OneDrive\Github\ngx-toggle\actions-runner\bin'
[2022-03-01 18:18:55Z INFO HostContext] Well known directory 'Root': 'C:\Users\ben94\OneDrive\Github\ngx-toggle\actions-runner'
[2022-03-01 18:18:55Z INFO HostContext] Well known config file 'Credentials': 'C:\Users\ben94\OneDrive\Github\ngx-toggle\actions-runner\.credentials'
[2022-03-01 18:18:55Z INFO HostContext] Well known directory 'Bin': 'C:\Users\ben94\OneDrive\Github\ngx-toggle\actions-runner\bin'
[2022-03-01 18:18:55Z INFO HostContext] Well known directory 'Root': 'C:\Users\ben94\OneDrive\Github\ngx-toggle\actions-runner'
[2022-03-01 18:18:55Z INFO HostContext] Well known config file 'Runner': 'C:\Users\ben94\OneDrive\Github\ngx-toggle\actions-runner\.runner'
[2022-03-01 18:18:55Z INFO Listener] Runner is built for Windows (X64) - win-x64.
[2022-03-01 18:18:55Z INFO Listener] RuntimeInformation: Microsoft Windows 10.0.19044.
[2022-03-01 18:18:55Z INFO Listener] Version: 2.287.1
[2022-03-01 18:18:55Z INFO Listener] Commit: b4e17c4fee3674494ffe88c5e06e42acb6788a37
[2022-03-01 18:18:55Z INFO Listener] Culture: fr-FR
[2022-03-01 18:18:55Z INFO Listener] UI Culture: fr-FR
[2022-03-01 18:18:55Z INFO HostContext] Well known directory 'Bin': 'C:\Users\ben94\OneDrive\Github\ngx-toggle\actions-runner\bin'
[2022-03-01 18:18:55Z INFO HostContext] Well known directory 'Root': 'C:\Users\ben94\OneDrive\Github\ngx-toggle\actions-runner'
[2022-03-01 18:18:55Z INFO Listener] Validating directory permissions for: 'C:\Users\ben94\OneDrive\Github\ngx-toggle\actions-runner'
[2022-03-01 18:18:55Z INFO CommandLineParser] Parse
[2022-03-01 18:18:55Z INFO CommandLineParser] Parsing 5 args
[2022-03-01 18:18:55Z INFO CommandLineParser] parsing argument
[2022-03-01 18:18:55Z INFO CommandLineParser] HasArgs: False
[2022-03-01 18:18:55Z INFO CommandLineParser] Adding Command: configure
[2022-03-01 18:18:55Z INFO CommandLineParser] parsing argument
[2022-03-01 18:18:55Z INFO CommandLineParser] HasArgs: True
[2022-03-01 18:18:55Z INFO CommandLineParser] arg: url
[2022-03-01 18:18:55Z INFO CommandLineParser] parsing argument
[2022-03-01 18:18:55Z INFO CommandLineParser] HasArgs: True
[2022-03-01 18:18:55Z INFO CommandLineParser] Adding option 'url': 'https://github.com/benmed00/benmed00.github.io'
[2022-03-01 18:18:55Z INFO CommandLineParser] parsing argument
[2022-03-01 18:18:55Z INFO CommandLineParser] HasArgs: True
[2022-03-01 18:18:55Z INFO CommandLineParser] arg: token
[2022-03-01 18:18:55Z INFO CommandLineParser] parsing argument
[2022-03-01 18:18:55Z INFO CommandLineParser] HasArgs: True
[2022-03-01 18:18:55Z INFO CommandLineParser] Adding option 'token': '***'
[2022-03-01 18:18:55Z INFO Listener] Arguments parsed
[2022-03-01 18:18:55Z INFO Runner] ExecuteCommand
[2022-03-01 18:18:55Z INFO ConfigurationStore] currentAssemblyLocation: C:\Users\ben94\OneDrive\Github\ngx-toggle\actions-runner\bin\Runner.Listener.dll
[2022-03-01 18:18:55Z INFO HostContext] Well known directory 'Bin': 'C:\Users\ben94\OneDrive\Github\ngx-toggle\actions-runner\bin'
[2022-03-01 18:18:55Z INFO ConfigurationStore] binPath: C:\Users\ben94\OneDrive\Github\ngx-toggle\actions-runner\bin
[2022-03-01 18:18:55Z INFO HostContext] Well known directory 'Bin': 'C:\Users\ben94\OneDrive\Github\ngx-toggle\actions-runner\bin'
[2022-03-01 18:18:55Z INFO HostContext] Well known directory 'Root': 'C:\Users\ben94\OneDrive\Github\ngx-toggle\actions-runner'
[2022-03-01 18:18:55Z INFO ConfigurationStore] RootFolder: C:\Users\ben94\OneDrive\Github\ngx-toggle\actions-runner
[2022-03-01 18:18:55Z INFO HostContext] Well known directory 'Bin': 'C:\Users\ben94\OneDrive\Github\ngx-toggle\actions-runner\bin'
[2022-03-01 18:18:55Z INFO HostContext] Well known directory 'Root': 'C:\Users\ben94\OneDrive\Github\ngx-toggle\actions-runner'
[2022-03-01 18:18:55Z INFO HostContext] Well known config file 'Runner': 'C:\Users\ben94\OneDrive\Github\ngx-toggle\actions-runner\.runner'
[2022-03-01 18:18:55Z INFO ConfigurationStore] ConfigFilePath: C:\Users\ben94\OneDrive\Github\ngx-toggle\actions-runner\.runner
[2022-03-01 18:18:55Z INFO HostContext] Well known directory 'Bin': 'C:\Users\ben94\OneDrive\Github\ngx-toggle\actions-runner\bin'
[2022-03-01 18:18:55Z INFO HostContext] Well known directory 'Root': 'C:\Users\ben94\OneDrive\Github\ngx-toggle\actions-runner'
[2022-03-01 18:18:55Z INFO HostContext] Well known config file 'Credentials': 'C:\Users\ben94\OneDrive\Github\ngx-toggle\actions-runner\.credentials'
[2022-03-01 18:18:55Z INFO ConfigurationStore] CredFilePath: C:\Users\ben94\OneDrive\Github\ngx-toggle\actions-runner\.credentials
[2022-03-01 18:18:55Z INFO HostContext] Well known directory 'Bin': 'C:\Users\ben94\OneDrive\Github\ngx-toggle\actions-runner\bin'
[2022-03-01 18:18:55Z INFO HostContext] Well known directory 'Root': 'C:\Users\ben94\OneDrive\Github\ngx-toggle\actions-runner'
[2022-03-01 18:18:55Z INFO HostContext] Well known config file 'MigratedCredentials': 'C:\Users\ben94\OneDrive\Github\ngx-toggle\actions-runner\.credentials_migrated'
[2022-03-01 18:18:55Z INFO ConfigurationStore] MigratedCredFilePath: C:\Users\ben94\OneDrive\Github\ngx-toggle\actions-runner\.credentials_migrated
[2022-03-01 18:18:55Z INFO HostContext] Well known directory 'Bin': 'C:\Users\ben94\OneDrive\Github\ngx-toggle\actions-runner\bin'
[2022-03-01 18:18:55Z INFO HostContext] Well known directory 'Root': 'C:\Users\ben94\OneDrive\Github\ngx-toggle\actions-runner'
[2022-03-01 18:18:55Z INFO HostContext] Well known config file 'Service': 'C:\Users\ben94\OneDrive\Github\ngx-toggle\actions-runner\.service'
[2022-03-01 18:18:55Z INFO ConfigurationStore] ServiceConfigFilePath: C:\Users\ben94\OneDrive\Github\ngx-toggle\actions-runner\.service
[2022-03-01 18:18:55Z INFO CommandSettings] Flag 'help': 'False'
[2022-03-01 18:18:55Z INFO CommandSettings] Flag 'version': 'False'
[2022-03-01 18:18:55Z INFO CommandSettings] Flag 'commit': 'False'
[2022-03-01 18:18:55Z INFO CommandSettings] Flag 'check': 'False'
[2022-03-01 18:18:55Z INFO CommandSettings] Command 'configure': 'True'
[2022-03-01 18:18:55Z INFO Terminal] WRITE LINE: 
[2022-03-01 18:18:55Z INFO Terminal] WRITE LINE: --------------------------------------------------------------------------------
[2022-03-01 18:18:55Z INFO Terminal] WRITE LINE: |        ____ _ _   _   _       _          _        _   _                      |
[2022-03-01 18:18:55Z INFO Terminal] WRITE LINE: |       / ___(_) |_| | | |_   _| |__      / \   ___| |_(_) ___  _ __  ___      |
[2022-03-01 18:18:55Z INFO Terminal] WRITE LINE: |      | |  _| | __| |_| | | | | '_ \    / _ \ / __| __| |/ _ \| '_ \/ __|     |
[2022-03-01 18:18:55Z INFO Terminal] WRITE LINE: |      | |_| | | |_|  _  | |_| | |_) |  / ___ \ (__| |_| | (_) | | | \__ \     |
[2022-03-01 18:18:55Z INFO Terminal] WRITE LINE: |       \____|_|\__|_| |_|\__,_|_.__/  /_/   \_\___|\__|_|\___/|_| |_|___/     |
[2022-03-01 18:18:55Z INFO Terminal] WRITE LINE: |                                                                              |
[2022-03-01 18:18:55Z INFO Terminal] WRITE: |                       
[2022-03-01 18:18:55Z INFO Terminal] WRITE: Self-hosted runner registration
[2022-03-01 18:18:55Z INFO Terminal] WRITE LINE:                         |
[2022-03-01 18:18:55Z INFO Terminal] WRITE LINE: |                                                                              |
[2022-03-01 18:18:55Z INFO Terminal] WRITE LINE: --------------------------------------------------------------------------------
[2022-03-01 18:18:55Z INFO ConfigurationManager] ConfigureAsync
[2022-03-01 18:18:55Z INFO ConfigurationStore] IsConfigured()
[2022-03-01 18:18:55Z INFO ConfigurationStore] IsConfigured: False
[2022-03-01 18:18:55Z INFO ConfigurationManager] Is configured: False
[2022-03-01 18:18:55Z INFO CommandSettings] Arg 'url': 'https://github.com/benmed00/benmed00.github.io'
[2022-03-01 18:18:55Z INFO CommandSettings] Remove url from Arg dictionary.
[2022-03-01 18:18:55Z INFO CommandSettings] Arg 'token': '***'
[2022-03-01 18:18:55Z INFO CommandSettings] Remove token from Arg dictionary.
[2022-03-01 18:18:55Z INFO ConfigurationManager] Http response code: OK from 'POST https://api.github.com/actions/runner-registration'
[2022-03-01 18:18:55Z INFO ConfigurationManager] cred retrieved via GitHub auth
[2022-03-01 18:18:56Z INFO RunnerServer] Establish connection with 100 seconds timeout.
[2022-03-01 18:18:56Z INFO GitHubActionsService] Starting operation Location.GetConnectionData
[2022-03-01 18:18:56Z INFO RunnerServer] Establish connection with 60 seconds timeout.
[2022-03-01 18:18:56Z INFO GitHubActionsService] Starting operation Location.GetConnectionData
[2022-03-01 18:18:56Z INFO RunnerServer] Establish connection with 60 seconds timeout.
[2022-03-01 18:18:56Z INFO GitHubActionsService] Starting operation Location.GetConnectionData
[2022-03-01 18:18:56Z INFO GitHubActionsService] Finished operation Location.GetConnectionData
[2022-03-01 18:18:56Z INFO GitHubActionsService] Finished operation Location.GetConnectionData
[2022-03-01 18:18:56Z INFO GitHubActionsService] Finished operation Location.GetConnectionData
[2022-03-01 18:18:57Z INFO Terminal] WRITE LINE: 
[2022-03-01 18:18:57Z INFO ConfigurationManager] Test Connection complete.
[2022-03-01 18:18:57Z INFO HostContext] Well known directory 'Bin': 'C:\Users\ben94\OneDrive\Github\ngx-toggle\actions-runner\bin'
[2022-03-01 18:18:57Z INFO HostContext] Well known directory 'Root': 'C:\Users\ben94\OneDrive\Github\ngx-toggle\actions-runner'
[2022-03-01 18:18:57Z INFO HostContext] Well known config file 'RSACredentials': 'C:\Users\ben94\OneDrive\Github\ngx-toggle\actions-runner\.credentials_rsaparams'
[2022-03-01 18:18:57Z INFO RSAEncryptedFileKeyManager] Creating new RSA key using 2048-bit key length
[2022-03-01 18:18:57Z INFO RSAEncryptedFileKeyManager] Successfully saved RSA key parameters to file C:\Users\ben94\OneDrive\Github\ngx-toggle\actions-runner\.credentials_rsaparams
[2022-03-01 18:18:57Z INFO CommandSettings] Arg 'runnergroup': ''
[2022-03-01 18:18:57Z INFO CommandSettings] Flag 'unattended': 'False'
[2022-03-01 18:18:57Z INFO PromptManager] ReadValue
[2022-03-01 18:18:57Z INFO Terminal] WRITE: Enter the name of the runner group to add this runner to: 
[2022-03-01 18:18:57Z INFO Terminal] WRITE: [press Enter for Default] 
[2022-03-01 18:18:57Z INFO Terminal] READ LINE
[2022-03-01 18:19:27Z INFO Terminal] Read value: 'test-runners'
[2022-03-01 18:19:27Z INFO Terminal] WRITE LINE: 
[2022-03-01 18:19:27Z ERR  Runner] GitHub.DistributedTask.WebApi.TaskAgentPoolNotFoundException: Could not find any self-hosted runner group named "test-runners".
   at GitHub.Runner.Listener.Configuration.ConfigurationManager.ConfigureAsync(CommandSettings command)
   at GitHub.Runner.Listener.Runner.ExecuteCommand(CommandSettings command)
[2022-03-01 18:19:27Z ERR  Terminal] WRITE ERROR: Could not find any self-hosted runner group named "test-runners".
[2022-03-01 18:19:27Z INFO Listener] Runner execution has finished with return code 1
