[2022-03-01 18:19:34Z INFO HostContext] No proxy settings were found based on environmental variables (http_proxy/https_proxy/HTTP_PROXY/HTTPS_PROXY)
[2022-03-01 18:19:34Z INFO HostContext] Well known directory 'Bin': 'C:\Users\ben94\OneDrive\Github\ngx-toggle\actions-runner\bin'
[2022-03-01 18:19:34Z INFO HostContext] Well known directory 'Root': 'C:\Users\ben94\OneDrive\Github\ngx-toggle\actions-runner'
[2022-03-01 18:19:34Z INFO HostContext] Well known config file 'Credentials': 'C:\Users\ben94\OneDrive\Github\ngx-toggle\actions-runner\.credentials'
[2022-03-01 18:19:34Z INFO HostContext] Well known directory 'Bin': 'C:\Users\ben94\OneDrive\Github\ngx-toggle\actions-runner\bin'
[2022-03-01 18:19:34Z INFO HostContext] Well known directory 'Root': 'C:\Users\ben94\OneDrive\Github\ngx-toggle\actions-runner'
[2022-03-01 18:19:34Z INFO HostContext] Well known config file 'Runner': 'C:\Users\ben94\OneDrive\Github\ngx-toggle\actions-runner\.runner'
[2022-03-01 18:19:34Z INFO Listener] Runner is built for Windows (X64) - win-x64.
[2022-03-01 18:19:34Z INFO Listener] RuntimeInformation: Microsoft Windows 10.0.19044.
[2022-03-01 18:19:34Z INFO Listener] Version: 2.287.1
[2022-03-01 18:19:34Z INFO Listener] Commit: b4e17c4fee3674494ffe88c5e06e42acb6788a37
[2022-03-01 18:19:34Z INFO Listener] Culture: fr-FR
[2022-03-01 18:19:34Z INFO Listener] UI Culture: fr-FR
[2022-03-01 18:19:34Z INFO HostContext] Well known directory 'Bin': 'C:\Users\ben94\OneDrive\Github\ngx-toggle\actions-runner\bin'
[2022-03-01 18:19:34Z INFO HostContext] Well known directory 'Root': 'C:\Users\ben94\OneDrive\Github\ngx-toggle\actions-runner'
[2022-03-01 18:19:34Z INFO Listener] Validating directory permissions for: 'C:\Users\ben94\OneDrive\Github\ngx-toggle\actions-runner'
[2022-03-01 18:19:34Z INFO CommandLineParser] Parse
[2022-03-01 18:19:34Z INFO CommandLineParser] Parsing 5 args
[2022-03-01 18:19:34Z INFO CommandLineParser] parsing argument
[2022-03-01 18:19:34Z INFO CommandLineParser] HasArgs: False
[2022-03-01 18:19:34Z INFO CommandLineParser] Adding Command: configure
[2022-03-01 18:19:34Z INFO CommandLineParser] parsing argument
[2022-03-01 18:19:34Z INFO CommandLineParser] HasArgs: True
[2022-03-01 18:19:34Z INFO CommandLineParser] arg: url
[2022-03-01 18:19:34Z INFO CommandLineParser] parsing argument
[2022-03-01 18:19:34Z INFO CommandLineParser] HasArgs: True
[2022-03-01 18:19:34Z INFO CommandLineParser] Adding option 'url': 'https://github.com/benmed00/benmed00.github.io'
[2022-03-01 18:19:34Z INFO CommandLineParser] parsing argument
[2022-03-01 18:19:34Z INFO CommandLineParser] HasArgs: True
[2022-03-01 18:19:34Z INFO CommandLineParser] arg: token
[2022-03-01 18:19:34Z INFO CommandLineParser] parsing argument
[2022-03-01 18:19:34Z INFO CommandLineParser] HasArgs: True
[2022-03-01 18:19:34Z INFO CommandLineParser] Adding option 'token': '***'
[2022-03-01 18:19:34Z INFO Listener] Arguments parsed
[2022-03-01 18:19:34Z INFO Runner] ExecuteCommand
[2022-03-01 18:19:34Z INFO ConfigurationStore] currentAssemblyLocation: C:\Users\ben94\OneDrive\Github\ngx-toggle\actions-runner\bin\Runner.Listener.dll
[2022-03-01 18:19:34Z INFO HostContext] Well known directory 'Bin': 'C:\Users\ben94\OneDrive\Github\ngx-toggle\actions-runner\bin'
[2022-03-01 18:19:34Z INFO ConfigurationStore] binPath: C:\Users\ben94\OneDrive\Github\ngx-toggle\actions-runner\bin
[2022-03-01 18:19:34Z INFO HostContext] Well known directory 'Bin': 'C:\Users\ben94\OneDrive\Github\ngx-toggle\actions-runner\bin'
[2022-03-01 18:19:34Z INFO HostContext] Well known directory 'Root': 'C:\Users\ben94\OneDrive\Github\ngx-toggle\actions-runner'
[2022-03-01 18:19:34Z INFO ConfigurationStore] RootFolder: C:\Users\ben94\OneDrive\Github\ngx-toggle\actions-runner
[2022-03-01 18:19:34Z INFO HostContext] Well known directory 'Bin': 'C:\Users\ben94\OneDrive\Github\ngx-toggle\actions-runner\bin'
[2022-03-01 18:19:34Z INFO HostContext] Well known directory 'Root': 'C:\Users\ben94\OneDrive\Github\ngx-toggle\actions-runner'
[2022-03-01 18:19:34Z INFO HostContext] Well known config file 'Runner': 'C:\Users\ben94\OneDrive\Github\ngx-toggle\actions-runner\.runner'
[2022-03-01 18:19:34Z INFO ConfigurationStore] ConfigFilePath: C:\Users\ben94\OneDrive\Github\ngx-toggle\actions-runner\.runner
[2022-03-01 18:19:34Z INFO HostContext] Well known directory 'Bin': 'C:\Users\ben94\OneDrive\Github\ngx-toggle\actions-runner\bin'
[2022-03-01 18:19:34Z INFO HostContext] Well known directory 'Root': 'C:\Users\ben94\OneDrive\Github\ngx-toggle\actions-runner'
[2022-03-01 18:19:34Z INFO HostContext] Well known config file 'Credentials': 'C:\Users\ben94\OneDrive\Github\ngx-toggle\actions-runner\.credentials'
[2022-03-01 18:19:34Z INFO ConfigurationStore] CredFilePath: C:\Users\ben94\OneDrive\Github\ngx-toggle\actions-runner\.credentials
[2022-03-01 18:19:34Z INFO HostContext] Well known directory 'Bin': 'C:\Users\ben94\OneDrive\Github\ngx-toggle\actions-runner\bin'
[2022-03-01 18:19:34Z INFO HostContext] Well known directory 'Root': 'C:\Users\ben94\OneDrive\Github\ngx-toggle\actions-runner'
[2022-03-01 18:19:34Z INFO HostContext] Well known config file 'MigratedCredentials': 'C:\Users\ben94\OneDrive\Github\ngx-toggle\actions-runner\.credentials_migrated'
[2022-03-01 18:19:34Z INFO ConfigurationStore] MigratedCredFilePath: C:\Users\ben94\OneDrive\Github\ngx-toggle\actions-runner\.credentials_migrated
[2022-03-01 18:19:34Z INFO HostContext] Well known directory 'Bin': 'C:\Users\ben94\OneDrive\Github\ngx-toggle\actions-runner\bin'
[2022-03-01 18:19:34Z INFO HostContext] Well known directory 'Root': 'C:\Users\ben94\OneDrive\Github\ngx-toggle\actions-runner'
[2022-03-01 18:19:34Z INFO HostContext] Well known config file 'Service': 'C:\Users\ben94\OneDrive\Github\ngx-toggle\actions-runner\.service'
[2022-03-01 18:19:34Z INFO ConfigurationStore] ServiceConfigFilePath: C:\Users\ben94\OneDrive\Github\ngx-toggle\actions-runner\.service
[2022-03-01 18:19:34Z INFO CommandSettings] Flag 'help': 'False'
[2022-03-01 18:19:34Z INFO CommandSettings] Flag 'version': 'False'
[2022-03-01 18:19:34Z INFO CommandSettings] Flag 'commit': 'False'
[2022-03-01 18:19:34Z INFO CommandSettings] Flag 'check': 'False'
[2022-03-01 18:19:34Z INFO CommandSettings] Command 'configure': 'True'
[2022-03-01 18:19:34Z INFO Terminal] WRITE LINE: 
[2022-03-01 18:19:34Z INFO Terminal] WRITE LINE: --------------------------------------------------------------------------------
[2022-03-01 18:19:34Z INFO Terminal] WRITE LINE: |        ____ _ _   _   _       _          _        _   _                      |
[2022-03-01 18:19:34Z INFO Terminal] WRITE LINE: |       / ___(_) |_| | | |_   _| |__      / \   ___| |_(_) ___  _ __  ___      |
[2022-03-01 18:19:34Z INFO Terminal] WRITE LINE: |      | |  _| | __| |_| | | | | '_ \    / _ \ / __| __| |/ _ \| '_ \/ __|     |
[2022-03-01 18:19:34Z INFO Terminal] WRITE LINE: |      | |_| | | |_|  _  | |_| | |_) |  / ___ \ (__| |_| | (_) | | | \__ \     |
[2022-03-01 18:19:34Z INFO Terminal] WRITE LINE: |       \____|_|\__|_| |_|\__,_|_.__/  /_/   \_\___|\__|_|\___/|_| |_|___/     |
[2022-03-01 18:19:34Z INFO Terminal] WRITE LINE: |                                                                              |
[2022-03-01 18:19:34Z INFO Terminal] WRITE: |                       
[2022-03-01 18:19:34Z INFO Terminal] WRITE: Self-hosted runner registration
[2022-03-01 18:19:34Z INFO Terminal] WRITE LINE:                         |
[2022-03-01 18:19:34Z INFO Terminal] WRITE LINE: |                                                                              |
[2022-03-01 18:19:34Z INFO Terminal] WRITE LINE: --------------------------------------------------------------------------------
[2022-03-01 18:19:34Z INFO ConfigurationManager] ConfigureAsync
[2022-03-01 18:19:34Z INFO ConfigurationStore] IsConfigured()
[2022-03-01 18:19:34Z INFO ConfigurationStore] IsConfigured: False
[2022-03-01 18:19:34Z INFO ConfigurationManager] Is configured: False
[2022-03-01 18:19:34Z INFO CommandSettings] Arg 'url': 'https://github.com/benmed00/benmed00.github.io'
[2022-03-01 18:19:34Z INFO CommandSettings] Remove url from Arg dictionary.
[2022-03-01 18:19:34Z INFO CommandSettings] Arg 'token': '***'
[2022-03-01 18:19:34Z INFO CommandSettings] Remove token from Arg dictionary.
[2022-03-01 18:19:35Z INFO ConfigurationManager] Http response code: OK from 'POST https://api.github.com/actions/runner-registration'
[2022-03-01 18:19:35Z INFO ConfigurationManager] cred retrieved via GitHub auth
[2022-03-01 18:19:35Z INFO RunnerServer] Establish connection with 100 seconds timeout.
[2022-03-01 18:19:35Z INFO GitHubActionsService] Starting operation Location.GetConnectionData
[2022-03-01 18:19:35Z INFO RunnerServer] Establish connection with 60 seconds timeout.
[2022-03-01 18:19:35Z INFO GitHubActionsService] Starting operation Location.GetConnectionData
[2022-03-01 18:19:35Z INFO RunnerServer] Establish connection with 60 seconds timeout.
[2022-03-01 18:19:35Z INFO GitHubActionsService] Starting operation Location.GetConnectionData
[2022-03-01 18:19:35Z INFO GitHubActionsService] Finished operation Location.GetConnectionData
[2022-03-01 18:19:36Z INFO GitHubActionsService] Finished operation Location.GetConnectionData
[2022-03-01 18:19:36Z INFO GitHubActionsService] Finished operation Location.GetConnectionData
[2022-03-01 18:19:36Z INFO GitHubActionsService] Starting operation Location.GetConnectionData
[2022-03-01 18:19:36Z INFO GitHubActionsService] Finished operation Location.GetConnectionData
[2022-03-01 18:19:36Z INFO GitHubActionsService] Starting operation Location.GetConnectionData
[2022-03-01 18:19:36Z INFO GitHubActionsService] Finished operation Location.GetConnectionData
[2022-03-01 18:19:36Z INFO Terminal] WRITE LINE: 
[2022-03-01 18:19:36Z INFO ConfigurationManager] Test Connection complete.
[2022-03-01 18:19:36Z INFO HostContext] Well known directory 'Bin': 'C:\Users\ben94\OneDrive\Github\ngx-toggle\actions-runner\bin'
[2022-03-01 18:19:36Z INFO HostContext] Well known directory 'Root': 'C:\Users\ben94\OneDrive\Github\ngx-toggle\actions-runner'
[2022-03-01 18:19:36Z INFO HostContext] Well known config file 'RSACredentials': 'C:\Users\ben94\OneDrive\Github\ngx-toggle\actions-runner\.credentials_rsaparams'
[2022-03-01 18:19:36Z INFO RSAEncryptedFileKeyManager] Found existing RSA key parameters file C:\Users\ben94\OneDrive\Github\ngx-toggle\actions-runner\.credentials_rsaparams
[2022-03-01 18:19:36Z INFO CommandSettings] Arg 'runnergroup': ''
[2022-03-01 18:19:36Z INFO CommandSettings] Flag 'unattended': 'False'
[2022-03-01 18:19:36Z INFO PromptManager] ReadValue
[2022-03-01 18:19:36Z INFO Terminal] WRITE: Enter the name of the runner group to add this runner to: 
[2022-03-01 18:19:36Z INFO Terminal] WRITE: [press Enter for Default] 
[2022-03-01 18:19:36Z INFO Terminal] READ LINE
[2022-03-01 18:19:37Z INFO Terminal] Read value: ''
[2022-03-01 18:19:37Z INFO PromptManager] Falling back to the default: 'Default'
[2022-03-01 18:19:37Z INFO Terminal] WRITE LINE: 
[2022-03-01 18:19:37Z INFO ConfigurationManager] Found a self-hosted runner group with id 1 and name Default
[2022-03-01 18:19:37Z INFO CommandSettings] Flag 'disableupdate': 'False'
[2022-03-01 18:19:37Z INFO CommandSettings] Flag 'ephemeral': 'False'
[2022-03-01 18:19:37Z INFO CommandSettings] Arg 'name': ''
[2022-03-01 18:19:37Z INFO CommandSettings] Flag 'unattended': 'False'
[2022-03-01 18:19:37Z INFO PromptManager] ReadValue
[2022-03-01 18:19:37Z INFO Terminal] WRITE: Enter the name of runner: 
[2022-03-01 18:19:37Z INFO Terminal] WRITE: [press Enter for DESKTOP-4037S7I] 
[2022-03-01 18:19:37Z INFO Terminal] READ LINE
[2022-03-01 18:19:42Z INFO Terminal] Read value: ''
[2022-03-01 18:19:42Z INFO PromptManager] Falling back to the default: 'DESKTOP-4037S7I'
[2022-03-01 18:19:42Z INFO Terminal] WRITE LINE: 
[2022-03-01 18:19:42Z INFO CommandSettings] Arg 'labels': ''
[2022-03-01 18:19:42Z INFO CommandSettings] Flag 'unattended': 'False'
[2022-03-01 18:19:42Z INFO PromptManager] ReadValue
[2022-03-01 18:19:42Z INFO Terminal] WRITE: This runner will have the following labels: 'self-hosted', 'Windows', 'X64' 
Enter any additional labels (ex. label-1,label-2): 
[2022-03-01 18:19:42Z INFO Terminal] WRITE: [press Enter to skip] 
[2022-03-01 18:19:42Z INFO Terminal] READ LINE
[2022-03-01 18:19:50Z INFO Terminal] Read value: ''
[2022-03-01 18:19:50Z INFO Terminal] WRITE LINE: 
[2022-03-01 18:19:50Z INFO CommandSettings] Flag 'disableupdate': 'False'
[2022-03-01 18:19:50Z INFO CommandSettings] Flag 'disableupdate': 'False'
[2022-03-01 18:19:50Z INFO CommandSettings] Flag 'ephemeral': 'False'
[2022-03-01 18:19:50Z INFO ConfigurationStore] Saving OAuth credential @ C:\Users\ben94\OneDrive\Github\ngx-toggle\actions-runner\.credentials
[2022-03-01 18:19:50Z INFO ConfigurationStore] Credentials Saved.
[2022-03-01 18:19:50Z INFO ConfigurationStore] HasCredentials()
[2022-03-01 18:19:50Z INFO ConfigurationStore] stored True
[2022-03-01 18:19:50Z INFO CredentialManager] GetCredentialProvider
[2022-03-01 18:19:50Z INFO CredentialManager] Creating type OAuth
[2022-03-01 18:19:50Z INFO CredentialManager] Creating credential type: OAuth
[2022-03-01 18:19:50Z INFO RSAEncryptedFileKeyManager] Loading RSA key parameters from file C:\Users\ben94\OneDrive\Github\ngx-toggle\actions-runner\.credentials_rsaparams
[2022-03-01 18:19:50Z INFO RunnerServer] Establish connection with 100 seconds timeout.
[2022-03-01 18:19:50Z INFO GitHubActionsService] Starting operation Location.GetConnectionData
[2022-03-01 18:19:50Z INFO RunnerServer] Establish connection with 60 seconds timeout.
[2022-03-01 18:19:50Z INFO GitHubActionsService] Starting operation Location.GetConnectionData
[2022-03-01 18:19:50Z INFO RunnerServer] Establish connection with 60 seconds timeout.
[2022-03-01 18:19:50Z INFO GitHubActionsService] Starting operation Location.GetConnectionData
[2022-03-01 18:19:51Z INFO GitHubActionsService] Finished operation Location.GetConnectionData
[2022-03-01 18:19:51Z INFO GitHubActionsService] Finished operation Location.GetConnectionData
[2022-03-01 18:19:51Z INFO GitHubActionsService] Finished operation Location.GetConnectionData
[2022-03-01 18:19:51Z WARN GitHubActionsService] Authentication failed with status code 401.
WWW-Authenticate: Bearer
Strict-Transport-Security: max-age=2592000
X-TFS-ProcessId: 8fc83143-f732-4609-9b1a-1f3762572d02
ActivityId: c2a6c509-f409-4c08-93ce-7ae3e159c0ff
X-TFS-Session: 2ccc9abd-845a-459e-952b-0850890b277b
X-VSS-E2EID: 5ee947bb-c71c-4c75-a835-5857a9d3e0d9
X-VSS-SenderDeploymentId: 6074703f-c195-632a-bd61-21691fc86fa5
X-TFS-ServiceError: The+user+%27System%3aPublicAccess%3baaaaaaaa-aaaa-aaaa-aaaa-aaaaaaaaaaaa%27+is+not+authorized+to+access+this+resource.
X-VSS-S2STargetService: 0000005A-0000-8888-8000-000000000000/visualstudio.com
X-Cache: CONFIG_NOCACHE
X-MSEdge-Ref: Ref A: 8BD85EC625DF4BB28999CBF1040D7810 Ref B: VIEEDGE2717 Ref C: 2022-03-01T18:19:51Z
Date: Tue, 01 Mar 2022 18:19:51 GMT

[2022-03-01 18:19:52Z INFO RSAEncryptedFileKeyManager] Loading RSA key parameters from file C:\Users\ben94\OneDrive\Github\ngx-toggle\actions-runner\.credentials_rsaparams
[2022-03-01 18:19:52Z INFO RSAEncryptedFileKeyManager] Loading RSA key parameters from file C:\Users\ben94\OneDrive\Github\ngx-toggle\actions-runner\.credentials_rsaparams
[2022-03-01 18:19:52Z INFO GitHubActionsService] AAD Correlation ID for this token request: Unknown
[2022-03-01 18:19:52Z INFO CommandSettings] Arg 'work': ''
[2022-03-01 18:19:52Z INFO CommandSettings] Flag 'unattended': 'False'
[2022-03-01 18:19:52Z INFO PromptManager] ReadValue
[2022-03-01 18:19:52Z INFO Terminal] WRITE: Enter name of work folder: 
[2022-03-01 18:19:52Z INFO Terminal] WRITE: [press Enter for _work] 
[2022-03-01 18:19:52Z INFO Terminal] READ LINE
[2022-03-01 18:19:56Z INFO Terminal] Read value: ''
[2022-03-01 18:19:56Z INFO PromptManager] Falling back to the default: '_work'
[2022-03-01 18:19:56Z INFO ConfigurationStore] Saving runner settings.
[2022-03-01 18:19:56Z INFO ConfigurationStore] Settings Saved.
[2022-03-01 18:19:56Z INFO Terminal] WRITE LINE: 
[2022-03-01 18:19:56Z INFO Terminal] WRITE LINE: 
[2022-03-01 18:19:56Z INFO CommandSettings] Flag 'runasservice': 'False'
[2022-03-01 18:19:56Z INFO CommandSettings] Flag 'unattended': 'False'
[2022-03-01 18:19:56Z INFO PromptManager] ReadValue
[2022-03-01 18:19:56Z INFO Terminal] WRITE: Would you like to run the runner as service? (Y/N) 
[2022-03-01 18:19:56Z INFO Terminal] WRITE: [press Enter for N] 
[2022-03-01 18:19:56Z INFO Terminal] READ LINE
[2022-03-01 18:20:12Z INFO Terminal] Read value: ''
[2022-03-01 18:20:12Z INFO PromptManager] Falling back to the default: 'N'
[2022-03-01 18:20:12Z INFO Listener] Runner execution has finished with return code 0
